WARN  Unknown kind "disablekinds" in outputs configuration.
Watching for changes in /root/.openclaw/workspace/knowledge-planet/{archetypes,assets,content,data,i18n,layouts,static}
Watching for config changes in /root/.openclaw/workspace/knowledge-planet/hugo.toml
Start building sites … 
hugo v0.123.7+extended linux/amd64 BuildDate=2025-07-18T03:41:49Z VendorInfo=ubuntu:0.123.7-1ubuntu0.3


                   | ZH-CN  
-------------------+--------
  Pages            |    11  
  Paginator pages  |     0  
  Non-page files   |     0  
  Static files     |     1  
  Processed images |     0  
  Aliases          |     0  
  Cleaned          |     0  

Built in 13 ms
Environment: "development"
Serving pages from disk
Running in Fast Render Mode. For full rebuilds on change: hugo server --disableFastRender
Web Server is available at http://localhost:1313/knowledge-planet/ (bind address 0.0.0.0) 
Press Ctrl+C to stop
